2025-03-11 09:17:32,937 - trading_system - INFO - Cache de requests ativado (expire_after=3600s).
2025-03-11 09:17:32,968 - werkzeug - INFO - [31m[1mWARNING: This is a development server. Do not use it in a production deployment. Use a production WSGI server instead.[0m
 * Running on all addresses (0.0.0.0)
 * Running on http://127.0.0.1:5001
 * Running on http://192.168.15.135:5001
2025-03-11 09:17:32,968 - werkzeug - INFO - [33mPress CTRL+C to quit[0m
2025-03-11 09:17:32,969 - werkzeug - INFO -  * Restarting with stat
2025-03-11 09:17:33,832 - trading_system - INFO - Cache de requests ativado (expire_after=3600s).
2025-03-11 09:17:33,852 - werkzeug - WARNING -  * Debugger is active!
2025-03-11 09:17:33,860 - werkzeug - INFO -  * Debugger PIN: 817-908-197
2025-03-11 09:17:37,151 - trading_system - INFO - Extended hours mode active for SPY (current market: extended)
2025-03-11 09:17:37,154 - trading_system - WARNING - include_prepost parameter not supported in this version of yfinance for SPY, falling back to default behavior
2025-03-11 09:17:38,006 - trading_system - INFO - Extended hours mode active for QQQ (current market: extended)
2025-03-11 09:17:38,006 - trading_system - WARNING - include_prepost parameter not supported in this version of yfinance for QQQ, falling back to default behavior
2025-03-11 09:17:38,583 - trading_system - INFO - Extended hours mode active for TLT (current market: extended)
2025-03-11 09:17:38,583 - trading_system - WARNING - include_prepost parameter not supported in this version of yfinance for TLT, falling back to default behavior
2025-03-11 09:17:38,881 - trading_system - INFO - Extended hours mode active for GLD (current market: extended)
2025-03-11 09:17:38,881 - trading_system - WARNING - include_prepost parameter not supported in this version of yfinance for GLD, falling back to default behavior
2025-03-11 09:17:39,149 - trading_system - INFO - Extended hours mode active for ^VIX (current market: extended)
2025-03-11 09:17:39,151 - trading_system - WARNING - include_prepost parameter not supported in this version of yfinance for ^VIX, falling back to default behavior
2025-03-11 09:17:39,410 - trading_system - INFO - Extended hours mode active for EEM (current market: extended)
2025-03-11 09:17:39,411 - trading_system - WARNING - include_prepost parameter not supported in this version of yfinance for EEM, falling back to default behavior
2025-03-11 09:17:39,742 - trading_system - INFO - Extended hours mode active for USO (current market: extended)
2025-03-11 09:17:39,742 - trading_system - WARNING - include_prepost parameter not supported in this version of yfinance for USO, falling back to default behavior
2025-03-11 09:17:39,999 - trading_system - INFO - Extended hours mode active for BTC-USD (current market: extended)
2025-03-11 09:17:39,999 - trading_system - WARNING - include_prepost parameter not supported in this version of yfinance for BTC-USD, falling back to default behavior
2025-03-11 09:17:40,264 - trading_system - INFO - Sentimento de mercado atual: NEUTRO (viés 8.3)
2025-03-11 09:17:44,440 - trading_system - INFO - Extended hours mode active for IAK (current market: extended)
2025-03-11 09:17:44,442 - trading_system - WARNING - include_prepost parameter not supported in this version of yfinance for IAK, falling back to default behavior
2025-03-11 09:17:44,808 - trading_system - ERROR - Erro ao analisar IAK: type object 'QualitativeAnalysis' has no attribute 'qualitative_score'
2025-03-11 09:17:44,808 - trading_system - INFO - Extended hours mode active for BERZ (current market: extended)
2025-03-11 09:17:44,808 - trading_system - WARNING - include_prepost parameter not supported in this version of yfinance for BERZ, falling back to default behavior
2025-03-11 09:17:45,433 - trading_system - ERROR - Erro ao analisar BERZ: type object 'QualitativeAnalysis' has no attribute 'qualitative_score'
2025-03-11 09:17:45,433 - trading_system - INFO - Extended hours mode active for STVN (current market: extended)
2025-03-11 09:17:45,434 - trading_system - WARNING - include_prepost parameter not supported in this version of yfinance for STVN, falling back to default behavior
2025-03-11 09:17:45,770 - trading_system - ERROR - Erro ao analisar STVN: type object 'QualitativeAnalysis' has no attribute 'qualitative_score'
2025-03-11 09:17:45,770 - trading_system - INFO - Extended hours mode active for EPI (current market: extended)
2025-03-11 09:17:45,771 - trading_system - WARNING - include_prepost parameter not supported in this version of yfinance for EPI, falling back to default behavior
2025-03-11 09:17:46,096 - trading_system - ERROR - Erro ao analisar EPI: type object 'QualitativeAnalysis' has no attribute 'qualitative_score'
2025-03-11 09:17:46,096 - trading_system - INFO - Extended hours mode active for FILL (current market: extended)
2025-03-11 09:17:46,096 - trading_system - WARNING - include_prepost parameter not supported in this version of yfinance for FILL, falling back to default behavior
2025-03-11 09:17:46,422 - trading_system - ERROR - Erro ao analisar FILL: type object 'QualitativeAnalysis' has no attribute 'qualitative_score'
2025-03-11 09:17:46,423 - trading_system - INFO - Extended hours mode active for DGRS (current market: extended)
2025-03-11 09:17:46,423 - trading_system - WARNING - include_prepost parameter not supported in this version of yfinance for DGRS, falling back to default behavior
2025-03-11 09:17:46,779 - trading_system - ERROR - Erro ao analisar DGRS: type object 'QualitativeAnalysis' has no attribute 'qualitative_score'
2025-03-11 09:17:46,779 - trading_system - INFO - Extended hours mode active for GSPY (current market: extended)
2025-03-11 09:17:46,779 - trading_system - WARNING - include_prepost parameter not supported in this version of yfinance for GSPY, falling back to default behavior
2025-03-11 09:17:47,122 - trading_system - ERROR - Erro ao analisar GSPY: type object 'QualitativeAnalysis' has no attribute 'qualitative_score'
2025-03-11 09:17:47,123 - trading_system - INFO - Extended hours mode active for VAMO (current market: extended)
2025-03-11 09:17:47,123 - trading_system - WARNING - include_prepost parameter not supported in this version of yfinance for VAMO, falling back to default behavior
2025-03-11 09:17:47,454 - trading_system - ERROR - Erro ao analisar VAMO: type object 'QualitativeAnalysis' has no attribute 'qualitative_score'
2025-03-11 09:17:47,454 - trading_system - INFO - Extended hours mode active for BJ (current market: extended)
2025-03-11 09:17:47,454 - trading_system - WARNING - include_prepost parameter not supported in this version of yfinance for BJ, falling back to default behavior
2025-03-11 09:17:47,765 - trading_system - ERROR - Erro ao analisar BJ: type object 'QualitativeAnalysis' has no attribute 'qualitative_score'
2025-03-11 09:17:47,765 - trading_system - INFO - Extended hours mode active for ITM (current market: extended)
2025-03-11 09:17:47,765 - trading_system - WARNING - include_prepost parameter not supported in this version of yfinance for ITM, falling back to default behavior
2025-03-11 09:17:48,103 - trading_system - ERROR - Erro ao analisar ITM: type object 'QualitativeAnalysis' has no attribute 'qualitative_score'
2025-03-11 09:17:48,103 - trading_system - INFO - Extended hours mode active for XHB (current market: extended)
2025-03-11 09:17:48,104 - trading_system - WARNING - include_prepost parameter not supported in this version of yfinance for XHB, falling back to default behavior
2025-03-11 09:17:48,456 - trading_system - ERROR - Erro ao analisar XHB: type object 'QualitativeAnalysis' has no attribute 'qualitative_score'
2025-03-11 09:17:48,456 - trading_system - INFO - Extended hours mode active for ITB (current market: extended)
2025-03-11 09:17:48,456 - trading_system - WARNING - include_prepost parameter not supported in this version of yfinance for ITB, falling back to default behavior
2025-03-11 09:17:48,815 - trading_system - ERROR - Erro ao analisar ITB: type object 'QualitativeAnalysis' has no attribute 'qualitative_score'
2025-03-11 09:17:48,815 - trading_system - INFO - Extended hours mode active for SQQQ (current market: extended)
2025-03-11 09:17:48,816 - trading_system - WARNING - include_prepost parameter not supported in this version of yfinance for SQQQ, falling back to default behavior
2025-03-11 09:17:49,139 - trading_system - ERROR - Erro ao analisar SQQQ: type object 'QualitativeAnalysis' has no attribute 'qualitative_score'
2025-03-11 09:17:51,345 - trading_system - ERROR - Erro na análise de watchlist para ITB: type object 'QualitativeAnalysis' has no attribute 'qualitative_score'
2025-03-11 09:17:51,393 - trading_system - ERROR - Erro na análise de watchlist para SQQQ: type object 'QualitativeAnalysis' has no attribute 'qualitative_score'
2025-03-11 09:17:51,393 - trading_system - INFO - Extended hours mode active for TSLZ (current market: extended)
2025-03-11 09:17:51,394 - trading_system - WARNING - include_prepost parameter not supported in this version of yfinance for TSLZ, falling back to default behavior
2025-03-11 09:17:51,709 - trading_system - ERROR - Erro na análise de watchlist para TSLZ: type object 'QualitativeAnalysis' has no attribute 'qualitative_score'
2025-03-11 09:17:51,709 - trading_system - INFO - Extended hours mode active for NVDQ (current market: extended)
2025-03-11 09:17:51,709 - trading_system - WARNING - include_prepost parameter not supported in this version of yfinance for NVDQ, falling back to default behavior
2025-03-11 09:17:52,029 - trading_system - ERROR - Erro na análise de watchlist para NVDQ: type object 'QualitativeAnalysis' has no attribute 'qualitative_score'
2025-03-11 09:17:52,029 - trading_system - INFO - Extended hours mode active for FAZ (current market: extended)
2025-03-11 09:17:52,030 - trading_system - WARNING - include_prepost parameter not supported in this version of yfinance for FAZ, falling back to default behavior
2025-03-11 09:17:52,357 - trading_system - ERROR - Erro na análise de watchlist para FAZ: type object 'QualitativeAnalysis' has no attribute 'qualitative_score'
2025-03-11 09:17:52,357 - trading_system - INFO - Extended hours mode active for MSTZ (current market: extended)
2025-03-11 09:17:52,357 - trading_system - WARNING - include_prepost parameter not supported in this version of yfinance for MSTZ, falling back to default behavior
2025-03-11 09:17:52,675 - trading_system - ERROR - Erro na análise de watchlist para MSTZ: type object 'QualitativeAnalysis' has no attribute 'qualitative_score'
2025-03-11 09:17:52,675 - trading_system - INFO - Extended hours mode active for SPTS (current market: extended)
2025-03-11 09:17:52,676 - trading_system - WARNING - include_prepost parameter not supported in this version of yfinance for SPTS, falling back to default behavior
2025-03-11 09:17:53,029 - trading_system - ERROR - Erro na análise de watchlist para SPTS: type object 'QualitativeAnalysis' has no attribute 'qualitative_score'
2025-03-11 09:17:53,029 - trading_system - INFO - Extended hours mode active for SPTI (current market: extended)
2025-03-11 09:17:53,029 - trading_system - WARNING - include_prepost parameter not supported in this version of yfinance for SPTI, falling back to default behavior
2025-03-11 09:17:53,373 - trading_system - ERROR - Erro na análise de watchlist para SPTI: type object 'QualitativeAnalysis' has no attribute 'qualitative_score'
2025-03-11 09:17:53,373 - trading_system - INFO - Extended hours mode active for STIP (current market: extended)
2025-03-11 09:17:53,373 - trading_system - WARNING - include_prepost parameter not supported in this version of yfinance for STIP, falling back to default behavior
2025-03-11 09:17:53,730 - trading_system - ERROR - Erro na análise de watchlist para STIP: type object 'QualitativeAnalysis' has no attribute 'qualitative_score'
2025-03-11 09:17:53,750 - werkzeug - INFO - 127.0.0.1 - - [11/Mar/2025 09:17:53] "GET /analyze?risk=medium&extended=true HTTP/1.1" 200 -
2025-03-11 09:17:53,777 - werkzeug - INFO - 127.0.0.1 - - [11/Mar/2025 09:17:53] "GET /static/js/script.js HTTP/1.1" 200 -
2025-03-11 09:17:53,777 - werkzeug - INFO - 127.0.0.1 - - [11/Mar/2025 09:17:53] "GET /static/css/custom.css HTTP/1.1" 200 -
2025-03-11 09:17:53,877 - werkzeug - INFO - 127.0.0.1 - - [11/Mar/2025 09:17:53] "[33mGET /favicon.ico HTTP/1.1[0m" 404 -
2025-03-11 09:18:09,309 - trading_system - INFO - Verificando atualizações. Versão atual: 2.0.0
2025-03-11 09:18:09,320 - werkzeug - INFO - 127.0.0.1 - - [11/Mar/2025 09:18:09] "GET / HTTP/1.1" 200 -
2025-03-11 09:18:09,364 - werkzeug - INFO - 127.0.0.1 - - [11/Mar/2025 09:18:09] "[36mGET /static/css/custom.css HTTP/1.1[0m" 304 -
2025-03-11 09:18:09,380 - werkzeug - INFO - 127.0.0.1 - - [11/Mar/2025 09:18:09] "[36mGET /static/js/script.js HTTP/1.1[0m" 304 -
2025-03-11 09:18:11,985 - trading_system - INFO - Verificando atualizações. Versão atual: 2.0.0
2025-03-11 09:18:11,986 - werkzeug - INFO - 127.0.0.1 - - [11/Mar/2025 09:18:11] "GET / HTTP/1.1" 200 -
2025-03-11 09:18:12,011 - werkzeug - INFO - 127.0.0.1 - - [11/Mar/2025 09:18:12] "[36mGET /static/css/custom.css HTTP/1.1[0m" 304 -
2025-03-11 09:18:12,011 - werkzeug - INFO - 127.0.0.1 - - [11/Mar/2025 09:18:12] "[36mGET /static/js/script.js HTTP/1.1[0m" 304 -
2025-03-11 09:18:13,176 - werkzeug - INFO - 127.0.0.1 - - [11/Mar/2025 09:18:13] "GET /portfolio HTTP/1.1" 200 -
2025-03-11 09:18:13,225 - werkzeug - INFO - 127.0.0.1 - - [11/Mar/2025 09:18:13] "[36mGET /static/css/custom.css HTTP/1.1[0m" 304 -
2025-03-11 09:18:13,227 - werkzeug - INFO - 127.0.0.1 - - [11/Mar/2025 09:18:13] "[36mGET /static/js/script.js HTTP/1.1[0m" 304 -
2025-03-11 09:18:14,435 - trading_system - INFO - Sentimento de mercado atual: NEUTRO (viés 8.3)
2025-03-11 09:18:14,487 - trading_system - INFO - Extended hours mode active for IAK (current market: extended)
2025-03-11 09:18:14,488 - trading_system - WARNING - include_prepost parameter not supported in this version of yfinance for IAK, falling back to default behavior
2025-03-11 09:18:14,541 - trading_system - ERROR - Erro ao analisar IAK: type object 'QualitativeAnalysis' has no attribute 'qualitative_score'
2025-03-11 09:18:14,541 - trading_system - INFO - Extended hours mode active for BERZ (current market: extended)
2025-03-11 09:18:14,541 - trading_system - WARNING - include_prepost parameter not supported in this version of yfinance for BERZ, falling back to default behavior
2025-03-11 09:18:14,593 - trading_system - ERROR - Erro ao analisar BERZ: type object 'QualitativeAnalysis' has no attribute 'qualitative_score'
2025-03-11 09:18:14,594 - trading_system - INFO - Extended hours mode active for STVN (current market: extended)
2025-03-11 09:18:14,594 - trading_system - WARNING - include_prepost parameter not supported in this version of yfinance for STVN, falling back to default behavior
2025-03-11 09:18:14,646 - trading_system - ERROR - Erro ao analisar STVN: type object 'QualitativeAnalysis' has no attribute 'qualitative_score'
2025-03-11 09:18:14,646 - trading_system - INFO - Extended hours mode active for EPI (current market: extended)
2025-03-11 09:18:14,646 - trading_system - WARNING - include_prepost parameter not supported in this version of yfinance for EPI, falling back to default behavior
2025-03-11 09:18:14,700 - trading_system - ERROR - Erro ao analisar EPI: type object 'QualitativeAnalysis' has no attribute 'qualitative_score'
2025-03-11 09:18:14,700 - trading_system - INFO - Extended hours mode active for FILL (current market: extended)
2025-03-11 09:18:14,700 - trading_system - WARNING - include_prepost parameter not supported in this version of yfinance for FILL, falling back to default behavior
2025-03-11 09:18:14,754 - trading_system - ERROR - Erro ao analisar FILL: type object 'QualitativeAnalysis' has no attribute 'qualitative_score'
2025-03-11 09:18:14,754 - trading_system - INFO - Extended hours mode active for DGRS (current market: extended)
2025-03-11 09:18:14,755 - trading_system - WARNING - include_prepost parameter not supported in this version of yfinance for DGRS, falling back to default behavior
2025-03-11 09:18:14,813 - trading_system - ERROR - Erro ao analisar DGRS: type object 'QualitativeAnalysis' has no attribute 'qualitative_score'
2025-03-11 09:18:14,813 - trading_system - INFO - Extended hours mode active for GSPY (current market: extended)
2025-03-11 09:18:14,813 - trading_system - WARNING - include_prepost parameter not supported in this version of yfinance for GSPY, falling back to default behavior
2025-03-11 09:18:14,873 - trading_system - ERROR - Erro ao analisar GSPY: type object 'QualitativeAnalysis' has no attribute 'qualitative_score'
2025-03-11 09:18:14,874 - trading_system - INFO - Extended hours mode active for VAMO (current market: extended)
2025-03-11 09:18:14,874 - trading_system - WARNING - include_prepost parameter not supported in this version of yfinance for VAMO, falling back to default behavior
2025-03-11 09:18:14,929 - trading_system - ERROR - Erro ao analisar VAMO: type object 'QualitativeAnalysis' has no attribute 'qualitative_score'
2025-03-11 09:18:14,929 - trading_system - INFO - Extended hours mode active for BJ (current market: extended)
2025-03-11 09:18:14,929 - trading_system - WARNING - include_prepost parameter not supported in this version of yfinance for BJ, falling back to default behavior
2025-03-11 09:18:14,983 - trading_system - ERROR - Erro ao analisar BJ: type object 'QualitativeAnalysis' has no attribute 'qualitative_score'
2025-03-11 09:18:14,983 - trading_system - INFO - Extended hours mode active for ITM (current market: extended)
2025-03-11 09:18:14,983 - trading_system - WARNING - include_prepost parameter not supported in this version of yfinance for ITM, falling back to default behavior
2025-03-11 09:18:15,036 - trading_system - ERROR - Erro ao analisar ITM: type object 'QualitativeAnalysis' has no attribute 'qualitative_score'
2025-03-11 09:18:15,036 - trading_system - INFO - Extended hours mode active for XHB (current market: extended)
2025-03-11 09:18:15,036 - trading_system - WARNING - include_prepost parameter not supported in this version of yfinance for XHB, falling back to default behavior
2025-03-11 09:18:15,090 - trading_system - ERROR - Erro ao analisar XHB: type object 'QualitativeAnalysis' has no attribute 'qualitative_score'
2025-03-11 09:18:15,090 - trading_system - INFO - Extended hours mode active for ITB (current market: extended)
2025-03-11 09:18:15,090 - trading_system - WARNING - include_prepost parameter not supported in this version of yfinance for ITB, falling back to default behavior
2025-03-11 09:18:15,143 - trading_system - ERROR - Erro ao analisar ITB: type object 'QualitativeAnalysis' has no attribute 'qualitative_score'
2025-03-11 09:18:15,143 - trading_system - INFO - Extended hours mode active for SQQQ (current market: extended)
2025-03-11 09:18:15,144 - trading_system - WARNING - include_prepost parameter not supported in this version of yfinance for SQQQ, falling back to default behavior
2025-03-11 09:18:15,196 - trading_system - ERROR - Erro ao analisar SQQQ: type object 'QualitativeAnalysis' has no attribute 'qualitative_score'
2025-03-11 09:18:15,294 - trading_system - ERROR - Erro na análise de watchlist para ITB: type object 'QualitativeAnalysis' has no attribute 'qualitative_score'
2025-03-11 09:18:15,342 - trading_system - ERROR - Erro na análise de watchlist para SQQQ: type object 'QualitativeAnalysis' has no attribute 'qualitative_score'
2025-03-11 09:18:15,342 - trading_system - INFO - Extended hours mode active for TSLZ (current market: extended)
2025-03-11 09:18:15,342 - trading_system - WARNING - include_prepost parameter not supported in this version of yfinance for TSLZ, falling back to default behavior
2025-03-11 09:18:15,397 - trading_system - ERROR - Erro na análise de watchlist para TSLZ: type object 'QualitativeAnalysis' has no attribute 'qualitative_score'
2025-03-11 09:18:15,397 - trading_system - INFO - Extended hours mode active for NVDQ (current market: extended)
2025-03-11 09:18:15,398 - trading_system - WARNING - include_prepost parameter not supported in this version of yfinance for NVDQ, falling back to default behavior
2025-03-11 09:18:15,450 - trading_system - ERROR - Erro na análise de watchlist para NVDQ: type object 'QualitativeAnalysis' has no attribute 'qualitative_score'
2025-03-11 09:18:15,450 - trading_system - INFO - Extended hours mode active for FAZ (current market: extended)
2025-03-11 09:18:15,451 - trading_system - WARNING - include_prepost parameter not supported in this version of yfinance for FAZ, falling back to default behavior
2025-03-11 09:18:15,504 - trading_system - ERROR - Erro na análise de watchlist para FAZ: type object 'QualitativeAnalysis' has no attribute 'qualitative_score'
2025-03-11 09:18:15,504 - trading_system - INFO - Extended hours mode active for MSTZ (current market: extended)
2025-03-11 09:18:15,504 - trading_system - WARNING - include_prepost parameter not supported in this version of yfinance for MSTZ, falling back to default behavior
2025-03-11 09:18:15,557 - trading_system - ERROR - Erro na análise de watchlist para MSTZ: type object 'QualitativeAnalysis' has no attribute 'qualitative_score'
2025-03-11 09:18:15,557 - trading_system - INFO - Extended hours mode active for SPTS (current market: extended)
2025-03-11 09:18:15,557 - trading_system - WARNING - include_prepost parameter not supported in this version of yfinance for SPTS, falling back to default behavior
2025-03-11 09:18:15,610 - trading_system - ERROR - Erro na análise de watchlist para SPTS: type object 'QualitativeAnalysis' has no attribute 'qualitative_score'
2025-03-11 09:18:15,610 - trading_system - INFO - Extended hours mode active for SPTI (current market: extended)
2025-03-11 09:18:15,610 - trading_system - WARNING - include_prepost parameter not supported in this version of yfinance for SPTI, falling back to default behavior
2025-03-11 09:18:15,663 - trading_system - ERROR - Erro na análise de watchlist para SPTI: type object 'QualitativeAnalysis' has no attribute 'qualitative_score'
2025-03-11 09:18:15,663 - trading_system - INFO - Extended hours mode active for STIP (current market: extended)
2025-03-11 09:18:15,663 - trading_system - WARNING - include_prepost parameter not supported in this version of yfinance for STIP, falling back to default behavior
2025-03-11 09:18:15,716 - trading_system - ERROR - Erro na análise de watchlist para STIP: type object 'QualitativeAnalysis' has no attribute 'qualitative_score'
2025-03-11 09:18:15,717 - werkzeug - INFO - 127.0.0.1 - - [11/Mar/2025 09:18:15] "GET /analyze?risk=medium HTTP/1.1" 200 -
2025-03-11 09:18:15,756 - werkzeug - INFO - 127.0.0.1 - - [11/Mar/2025 09:18:15] "[36mGET /static/css/custom.css HTTP/1.1[0m" 304 -
2025-03-11 09:18:15,756 - werkzeug - INFO - 127.0.0.1 - - [11/Mar/2025 09:18:15] "[36mGET /static/js/script.js HTTP/1.1[0m" 304 -
